<?xml version="1.0" encoding="UTF-8"?>
<testsuite name="Technical project" tests="1" skipped="0" failures="0" errors="0" timestamp="2021-11-27T19:19:01" hostname="DESKTOP-ORAGD72" time="45.9">
  <properties/>
  <testcase name="registration in the system" classname="Technical project" time="45.9"/>
  <system-out><![CDATA[]]></system-out>
  <system-err><![CDATA[[Test worker] WARN net.thucydides.core.steps.BaseStepListener - stepStarted: net.thucydides.core.steps.ExecutedStepDescription@40b09d90
[Test worker] WARN net.thucydides.core.steps.BaseStepListener - stepStarted: net.thucydides.core.steps.ExecutedStepDescription@4c27d1f5
[Test worker] WARN net.thucydides.core.steps.BaseStepListener - stepStarted: net.thucydides.core.steps.ExecutedStepDescription@6cfbf83e
nov. 27, 2021 2:19:02 P. M. org.openqa.selenium.remote.DesiredCapabilities chrome
INFORMACIÓN: Using `new ChromeOptions()` is preferred to `DesiredCapabilities.chrome()`
[Test worker] INFO net.serenitybdd.core.webdriver.driverproviders.ProvideNewDriver - Instantiating driver
[Test worker] INFO net.serenitybdd.core.webdriver.driverproviders.ProvideNewDriver - Driver capabilities: Capabilities {acceptInsecureCerts: false, browserName: chrome, chrome.switches: --start-maximized, goog:chromeOptions: {args: [--start-maximized], extensions: []}, loggingPrefs: org.openqa.selenium.logging..., platform: ANY, version: }
Starting ChromeDriver 95.0.4638.69 (6a1600ed572fedecd573b6c2b90a22fe6392a410-refs/branch-heads/4638@{#984}) on port 18252
Only local connections are allowed.
Please see https://chromedriver.chromium.org/security-considerations for suggestions on keeping ChromeDriver safe.
ChromeDriver was started successfully.
[1638040746.057][WARNING]: This version of ChromeDriver has not been tested with Chrome version 96.
nov. 27, 2021 2:19:06 P. M. org.openqa.selenium.remote.ProtocolHandshake createSession
INFORMACIÓN: Detected dialect: W3C
[Test worker] WARN net.thucydides.core.steps.BaseStepListener - stepFinished: current outcome:registration in the system:Given that Alvaro wants to enter the user registration url [Alvaro open up [Alvaro opens the Utest page]]
[Test worker] WARN net.thucydides.core.steps.BaseStepListener - stepFinished: current outcome:registration in the system:Given that Alvaro wants to enter the user registration url [Alvaro open up [Alvaro opens the Utest page]]
[Test worker] WARN net.thucydides.core.steps.BaseStepListener - stepFinished: current outcome:registration in the system:Given that Alvaro wants to enter the user registration url [Alvaro open up [Alvaro opens the Utest page]]
[Test worker] WARN net.thucydides.core.steps.BaseStepListener - stepStarted: net.thucydides.core.steps.ExecutedStepDescription@78587933
[Test worker] WARN net.thucydides.core.steps.BaseStepListener - stepStarted: net.thucydides.core.steps.ExecutedStepDescription@2834b9ea
[Test worker] WARN net.thucydides.core.steps.BaseStepListener - stepStarted: net.thucydides.core.steps.ExecutedStepDescription@2cf6a71b
[Test worker] WARN net.thucydides.core.steps.BaseStepListener - stepFinished: current outcome:registration in the system:Given that Alvaro wants to enter the user registration url [Alvaro open up [Alvaro opens the Utest page]], When enter all the appropriate data for user registration on the Utest platform [Alvaro register user [Alvaro clicks on ingreso al mdulo de registro]]
[Test worker] WARN net.thucydides.core.steps.BaseStepListener - stepStarted: net.thucydides.core.steps.ExecutedStepDescription@5d71049c
[Test worker] WARN net.thucydides.core.steps.BaseStepListener - stepFinished: current outcome:registration in the system:Given that Alvaro wants to enter the user registration url [Alvaro open up [Alvaro opens the Utest page]], When enter all the appropriate data for user registration on the Utest platform [Alvaro register user [Alvaro clicks on ingreso al mdulo de registro, Alvaro enters 'Alvaro' into ingreso de nombre]]
[Test worker] WARN net.thucydides.core.steps.BaseStepListener - stepStarted: net.thucydides.core.steps.ExecutedStepDescription@3d134582
[Test worker] WARN net.thucydides.core.steps.BaseStepListener - stepFinished: current outcome:registration in the system:Given that Alvaro wants to enter the user registration url [Alvaro open up [Alvaro opens the Utest page]], When enter all the appropriate data for user registration on the Utest platform [Alvaro register user [Alvaro clicks on ingreso al mdulo de registro, Alvaro enters 'Alvaro' into ingreso de nombre, Alvaro enters 'cabezas' into ingreso de apellido]]
[Test worker] WARN net.thucydides.core.steps.BaseStepListener - stepStarted: net.thucydides.core.steps.ExecutedStepDescription@12e7309c
[Test worker] WARN net.thucydides.core.steps.BaseStepListener - stepFinished: current outcome:registration in the system:Given that Alvaro wants to enter the user registration url [Alvaro open up [Alvaro opens the Utest page]], When enter all the appropriate data for user registration on the Utest platform [Alvaro register user [Alvaro clicks on ingreso al mdulo de registro, Alvaro enters 'Alvaro' into ingreso de nombre, Alvaro enters 'cabezas' into ingreso de apellido, Alvaro enters 'aicabezas12o5974@gmail.com' into ingreso del email]]
[Test worker] WARN net.thucydides.core.steps.BaseStepListener - stepStarted: net.thucydides.core.steps.ExecutedStepDescription@78e1d05b
[Test worker] WARN net.thucydides.core.steps.BaseStepListener - stepFinished: current outcome:registration in the system:Given that Alvaro wants to enter the user registration url [Alvaro open up [Alvaro opens the Utest page]], When enter all the appropriate data for user registration on the Utest platform [Alvaro register user [Alvaro clicks on ingreso al mdulo de registro, Alvaro enters 'Alvaro' into ingreso de nombre, Alvaro enters 'cabezas' into ingreso de apellido, Alvaro enters 'aicabezas12o5974@gmail.com' into ingreso del email, Alvaro clicks on Abrrir seleion del mes]]
[Test worker] WARN net.thucydides.core.steps.BaseStepListener - stepStarted: net.thucydides.core.steps.ExecutedStepDescription@246ed93a
[Test worker] WARN net.thucydides.core.steps.BaseStepListener - stepFinished: current outcome:registration in the system:Given that Alvaro wants to enter the user registration url [Alvaro open up [Alvaro opens the Utest page]], When enter all the appropriate data for user registration on the Utest platform [Alvaro register user [Alvaro clicks on ingreso al mdulo de registro, Alvaro enters 'Alvaro' into ingreso de nombre, Alvaro enters 'cabezas' into ingreso de apellido, Alvaro enters 'aicabezas12o5974@gmail.com' into ingreso del email, Alvaro clicks on Abrrir seleion del mes, Alvaro clicks on Selecionar el mes]]
[Test worker] WARN net.thucydides.core.steps.BaseStepListener - stepStarted: net.thucydides.core.steps.ExecutedStepDescription@13bc7be9
[Test worker] WARN net.thucydides.core.steps.BaseStepListener - stepFinished: current outcome:registration in the system:Given that Alvaro wants to enter the user registration url [Alvaro open up [Alvaro opens the Utest page]], When enter all the appropriate data for user registration on the Utest platform [Alvaro register user [Alvaro clicks on ingreso al mdulo de registro, Alvaro enters 'Alvaro' into ingreso de nombre, Alvaro enters 'cabezas' into ingreso de apellido, Alvaro enters 'aicabezas12o5974@gmail.com' into ingreso del email, Alvaro clicks on Abrrir seleion del mes, Alvaro clicks on Selecionar el mes, Alvaro clicks on Abrrir seleion del dia]]
[Test worker] WARN net.thucydides.core.steps.BaseStepListener - stepStarted: net.thucydides.core.steps.ExecutedStepDescription@503358ac
[Test worker] WARN net.thucydides.core.steps.BaseStepListener - stepFinished: current outcome:registration in the system:Given that Alvaro wants to enter the user registration url [Alvaro open up [Alvaro opens the Utest page]], When enter all the appropriate data for user registration on the Utest platform [Alvaro register user [Alvaro clicks on ingreso al mdulo de registro, Alvaro enters 'Alvaro' into ingreso de nombre, Alvaro enters 'cabezas' into ingreso de apellido, Alvaro enters 'aicabezas12o5974@gmail.com' into ingreso del email, Alvaro clicks on Abrrir seleion del mes, Alvaro clicks on Selecionar el mes, Alvaro clicks on Abrrir seleion del dia, Alvaro clicks on Selecionar el dia]]
[Test worker] WARN net.thucydides.core.steps.BaseStepListener - stepStarted: net.thucydides.core.steps.ExecutedStepDescription@34b5ab64
[Test worker] WARN net.thucydides.core.steps.BaseStepListener - stepFinished: current outcome:registration in the system:Given that Alvaro wants to enter the user registration url [Alvaro open up [Alvaro opens the Utest page]], When enter all the appropriate data for user registration on the Utest platform [Alvaro register user [Alvaro clicks on ingreso al mdulo de registro, Alvaro enters 'Alvaro' into ingreso de nombre, Alvaro enters 'cabezas' into ingreso de apellido, Alvaro enters 'aicabezas12o5974@gmail.com' into ingreso del email, Alvaro clicks on Abrrir seleion del mes, Alvaro clicks on Selecionar el mes, Alvaro clicks on Abrrir seleion del dia, Alvaro clicks on Selecionar el dia, Alvaro clicks on Abrrir seleion del aÃ±o]]
[Test worker] WARN net.thucydides.core.steps.BaseStepListener - stepStarted: net.thucydides.core.steps.ExecutedStepDescription@315054f2
[Test worker] WARN net.thucydides.core.steps.BaseStepListener - stepFinished: current outcome:registration in the system:Given that Alvaro wants to enter the user registration url [Alvaro open up [Alvaro opens the Utest page]], When enter all the appropriate data for user registration on the Utest platform [Alvaro register user [Alvaro clicks on ingreso al mdulo de registro, Alvaro enters 'Alvaro' into ingreso de nombre, Alvaro enters 'cabezas' into ingreso de apellido, Alvaro enters 'aicabezas12o5974@gmail.com' into ingreso del email, Alvaro clicks on Abrrir seleion del mes, Alvaro clicks on Selecionar el mes, Alvaro clicks on Abrrir seleion del dia, Alvaro clicks on Selecionar el dia, Alvaro clicks on Abrrir seleion del aÃ±o, Alvaro clicks on Selecionar el aÃ±o]]
[Test worker] WARN net.thucydides.core.steps.BaseStepListener - stepStarted: net.thucydides.core.steps.ExecutedStepDescription@418635a1
[Test worker] WARN net.thucydides.core.steps.BaseStepListener - stepFinished: current outcome:registration in the system:Given that Alvaro wants to enter the user registration url [Alvaro open up [Alvaro opens the Utest page]], When enter all the appropriate data for user registration on the Utest platform [Alvaro register user [Alvaro clicks on ingreso al mdulo de registro, Alvaro enters 'Alvaro' into ingreso de nombre, Alvaro enters 'cabezas' into ingreso de apellido, Alvaro enters 'aicabezas12o5974@gmail.com' into ingreso del email, Alvaro clicks on Abrrir seleion del mes, Alvaro clicks on Selecionar el mes, Alvaro clicks on Abrrir seleion del dia, Alvaro clicks on Selecionar el dia, Alvaro clicks on Abrrir seleion del aÃ±o, Alvaro clicks on Selecionar el aÃ±o, Alvaro enters 'spanish' into Ingresar idioma]]
[Test worker] WARN net.thucydides.core.steps.BaseStepListener - stepStarted: net.thucydides.core.steps.ExecutedStepDescription@7e6fbf27
[Test worker] WARN net.thucydides.core.steps.BaseStepListener - stepFinished: current outcome:registration in the system:Given that Alvaro wants to enter the user registration url [Alvaro open up [Alvaro opens the Utest page]], When enter all the appropriate data for user registration on the Utest platform [Alvaro register user [Alvaro clicks on ingreso al mdulo de registro, Alvaro enters 'Alvaro' into ingreso de nombre, Alvaro enters 'cabezas' into ingreso de apellido, Alvaro enters 'aicabezas12o5974@gmail.com' into ingreso del email, Alvaro clicks on Abrrir seleion del mes, Alvaro clicks on Selecionar el mes, Alvaro clicks on Abrrir seleion del dia, Alvaro clicks on Selecionar el dia, Alvaro clicks on Abrrir seleion del aÃ±o, Alvaro clicks on Selecionar el aÃ±o, Alvaro enters 'spanish' into Ingresar idioma, Alvaro clicks on Ingresar idioma]]
[Test worker] WARN net.thucydides.core.steps.BaseStepListener - stepStarted: net.thucydides.core.steps.ExecutedStepDescription@40e7cb0c
[Test worker] WARN net.thucydides.core.steps.BaseStepListener - stepFinished: current outcome:registration in the system:Given that Alvaro wants to enter the user registration url [Alvaro open up [Alvaro opens the Utest page]], When enter all the appropriate data for user registration on the Utest platform [Alvaro register user [Alvaro clicks on ingreso al mdulo de registro, Alvaro enters 'Alvaro' into ingreso de nombre, Alvaro enters 'cabezas' into ingreso de apellido, Alvaro enters 'aicabezas12o5974@gmail.com' into ingreso del email, Alvaro clicks on Abrrir seleion del mes, Alvaro clicks on Selecionar el mes, Alvaro clicks on Abrrir seleion del dia, Alvaro clicks on Selecionar el dia, Alvaro clicks on Abrrir seleion del aÃ±o, Alvaro clicks on Selecionar el aÃ±o, Alvaro enters 'spanish' into Ingresar idioma, Alvaro clicks on Ingresar idioma, Alvaro clicks on ingreso a la segunda parte del regsitro]]
[Test worker] WARN net.thucydides.core.steps.BaseStepListener - stepStarted: net.thucydides.core.steps.ExecutedStepDescription@34cb291
[Test worker] WARN net.thucydides.core.steps.BaseStepListener - stepFinished: current outcome:registration in the system:Given that Alvaro wants to enter the user registration url [Alvaro open up [Alvaro opens the Utest page]], When enter all the appropriate data for user registration on the Utest platform [Alvaro register user [Alvaro clicks on ingreso al mdulo de registro, Alvaro enters 'Alvaro' into ingreso de nombre, Alvaro enters 'cabezas' into ingreso de apellido, Alvaro enters 'aicabezas12o5974@gmail.com' into ingreso del email, Alvaro clicks on Abrrir seleion del mes, Alvaro clicks on Selecionar el mes, Alvaro clicks on Abrrir seleion del dia, Alvaro clicks on Selecionar el dia, Alvaro clicks on Abrrir seleion del aÃ±o, Alvaro clicks on Selecionar el aÃ±o, Alvaro enters 'spanish' into Ingresar idioma, Alvaro clicks on Ingresar idioma, Alvaro clicks on ingreso a la segunda parte del regsitro, Alvaro enters 'Bogotá' into Ingresar la ciudad]]
[Test worker] WARN net.thucydides.core.steps.BaseStepListener - stepStarted: net.thucydides.core.steps.ExecutedStepDescription@4aa5a8cd
[Test worker] WARN net.thucydides.core.steps.BaseStepListener - stepFinished: current outcome:registration in the system:Given that Alvaro wants to enter the user registration url [Alvaro open up [Alvaro opens the Utest page]], When enter all the appropriate data for user registration on the Utest platform [Alvaro register user [Alvaro clicks on ingreso al mdulo de registro, Alvaro enters 'Alvaro' into ingreso de nombre, Alvaro enters 'cabezas' into ingreso de apellido, Alvaro enters 'aicabezas12o5974@gmail.com' into ingreso del email, Alvaro clicks on Abrrir seleion del mes, Alvaro clicks on Selecionar el mes, Alvaro clicks on Abrrir seleion del dia, Alvaro clicks on Selecionar el dia, Alvaro clicks on Abrrir seleion del aÃ±o, Alvaro clicks on Selecionar el aÃ±o, Alvaro enters 'spanish' into Ingresar idioma, Alvaro clicks on Ingresar idioma, Alvaro clicks on ingreso a la segunda parte del regsitro, Alvaro enters 'Bogotá' into Ingresar la ciudad, Alvaro types 'ARROW_DOWN' in Ingresar la ciudad]]
[Test worker] WARN net.thucydides.core.steps.BaseStepListener - stepStarted: net.thucydides.core.steps.ExecutedStepDescription@66002e17
[Test worker] WARN net.thucydides.core.steps.BaseStepListener - stepFinished: current outcome:registration in the system:Given that Alvaro wants to enter the user registration url [Alvaro open up [Alvaro opens the Utest page]], When enter all the appropriate data for user registration on the Utest platform [Alvaro register user [Alvaro clicks on ingreso al mdulo de registro, Alvaro enters 'Alvaro' into ingreso de nombre, Alvaro enters 'cabezas' into ingreso de apellido, Alvaro enters 'aicabezas12o5974@gmail.com' into ingreso del email, Alvaro clicks on Abrrir seleion del mes, Alvaro clicks on Selecionar el mes, Alvaro clicks on Abrrir seleion del dia, Alvaro clicks on Selecionar el dia, Alvaro clicks on Abrrir seleion del aÃ±o, Alvaro clicks on Selecionar el aÃ±o, Alvaro enters 'spanish' into Ingresar idioma, Alvaro clicks on Ingresar idioma, Alvaro clicks on ingreso a la segunda parte del regsitro, Alvaro enters 'Bogotá' into Ingresar la ciudad, Alvaro types 'ARROW_DOWN' in Ingresar la ciudad, Alvaro clicks on Ingresar el pais]]
[Test worker] WARN net.thucydides.core.steps.BaseStepListener - stepStarted: net.thucydides.core.steps.ExecutedStepDescription@54dd3d74
[Test worker] WARN net.thucydides.core.steps.BaseStepListener - stepFinished: current outcome:registration in the system:Given that Alvaro wants to enter the user registration url [Alvaro open up [Alvaro opens the Utest page]], When enter all the appropriate data for user registration on the Utest platform [Alvaro register user [Alvaro clicks on ingreso al mdulo de registro, Alvaro enters 'Alvaro' into ingreso de nombre, Alvaro enters 'cabezas' into ingreso de apellido, Alvaro enters 'aicabezas12o5974@gmail.com' into ingreso del email, Alvaro clicks on Abrrir seleion del mes, Alvaro clicks on Selecionar el mes, Alvaro clicks on Abrrir seleion del dia, Alvaro clicks on Selecionar el dia, Alvaro clicks on Abrrir seleion del aÃ±o, Alvaro clicks on Selecionar el aÃ±o, Alvaro enters 'spanish' into Ingresar idioma, Alvaro clicks on Ingresar idioma, Alvaro clicks on ingreso a la segunda parte del regsitro, Alvaro enters 'Bogotá' into Ingresar la ciudad, Alvaro types 'ARROW_DOWN' in Ingresar la ciudad, Alvaro clicks on Ingresar el pais, Alvaro enters 'Colombia' into Ingresar el pais]]
[Test worker] WARN net.thucydides.core.steps.BaseStepListener - stepStarted: net.thucydides.core.steps.ExecutedStepDescription@573270b2
[Test worker] WARN net.thucydides.core.steps.BaseStepListener - stepFinished: current outcome:registration in the system:Given that Alvaro wants to enter the user registration url [Alvaro open up [Alvaro opens the Utest page]], When enter all the appropriate data for user registration on the Utest platform [Alvaro register user [Alvaro clicks on ingreso al mdulo de registro, Alvaro enters 'Alvaro' into ingreso de nombre, Alvaro enters 'cabezas' into ingreso de apellido, Alvaro enters 'aicabezas12o5974@gmail.com' into ingreso del email, Alvaro clicks on Abrrir seleion del mes, Alvaro clicks on Selecionar el mes, Alvaro clicks on Abrrir seleion del dia, Alvaro clicks on Selecionar el dia, Alvaro clicks on Abrrir seleion del aÃ±o, Alvaro clicks on Selecionar el aÃ±o, Alvaro enters 'spanish' into Ingresar idioma, Alvaro clicks on Ingresar idioma, Alvaro clicks on ingreso a la segunda parte del regsitro, Alvaro enters 'Bogotá' into Ingresar la ciudad, Alvaro types 'ARROW_DOWN' in Ingresar la ciudad, Alvaro clicks on Ingresar el pais, Alvaro enters 'Colombia' into Ingresar el pais, Alvaro enters '111121' into Ingresar el codgo postal]]
[Test worker] WARN net.thucydides.core.steps.BaseStepListener - stepStarted: net.thucydides.core.steps.ExecutedStepDescription@6dc4da0d
[Test worker] WARN net.thucydides.core.steps.BaseStepListener - stepFinished: current outcome:registration in the system:Given that Alvaro wants to enter the user registration url [Alvaro open up [Alvaro opens the Utest page]], When enter all the appropriate data for user registration on the Utest platform [Alvaro register user [Alvaro clicks on ingreso al mdulo de registro, Alvaro enters 'Alvaro' into ingreso de nombre, Alvaro enters 'cabezas' into ingreso de apellido, Alvaro enters 'aicabezas12o5974@gmail.com' into ingreso del email, Alvaro clicks on Abrrir seleion del mes, Alvaro clicks on Selecionar el mes, Alvaro clicks on Abrrir seleion del dia, Alvaro clicks on Selecionar el dia, Alvaro clicks on Abrrir seleion del aÃ±o, Alvaro clicks on Selecionar el aÃ±o, Alvaro enters 'spanish' into Ingresar idioma, Alvaro clicks on Ingresar idioma, Alvaro clicks on ingreso a la segunda parte del regsitro, Alvaro enters 'Bogotá' into Ingresar la ciudad, Alvaro types 'ARROW_DOWN' in Ingresar la ciudad, Alvaro clicks on Ingresar el pais, Alvaro enters 'Colombia' into Ingresar el pais, Alvaro enters '111121' into Ingresar el codgo postal, Alvaro clicks on ingreso a la tercera parte del regsitro]]
[Test worker] WARN net.thucydides.core.steps.BaseStepListener - stepStarted: net.thucydides.core.steps.ExecutedStepDescription@787f8ae5
[Test worker] WARN net.thucydides.core.steps.BaseStepListener - stepFinished: current outcome:registration in the system:Given that Alvaro wants to enter the user registration url [Alvaro open up [Alvaro opens the Utest page]], When enter all the appropriate data for user registration on the Utest platform [Alvaro register user [Alvaro clicks on ingreso al mdulo de registro, Alvaro enters 'Alvaro' into ingreso de nombre, Alvaro enters 'cabezas' into ingreso de apellido, Alvaro enters 'aicabezas12o5974@gmail.com' into ingreso del email, Alvaro clicks on Abrrir seleion del mes, Alvaro clicks on Selecionar el mes, Alvaro clicks on Abrrir seleion del dia, Alvaro clicks on Selecionar el dia, Alvaro clicks on Abrrir seleion del aÃ±o, Alvaro clicks on Selecionar el aÃ±o, Alvaro enters 'spanish' into Ingresar idioma, Alvaro clicks on Ingresar idioma, Alvaro clicks on ingreso a la segunda parte del regsitro, Alvaro enters 'Bogotá' into Ingresar la ciudad, Alvaro types 'ARROW_DOWN' in Ingresar la ciudad, Alvaro clicks on Ingresar el pais, Alvaro enters 'Colombia' into Ingresar el pais, Alvaro enters '111121' into Ingresar el codgo postal, Alvaro clicks on ingreso a la tercera parte del regsitro, Alvaro clicks on Ingresar el computador]]
[Test worker] WARN net.thucydides.core.steps.BaseStepListener - stepStarted: net.thucydides.core.steps.ExecutedStepDescription@604e62e8
[Test worker] WARN net.thucydides.core.steps.BaseStepListener - stepFinished: current outcome:registration in the system:Given that Alvaro wants to enter the user registration url [Alvaro open up [Alvaro opens the Utest page]], When enter all the appropriate data for user registration on the Utest platform [Alvaro register user [Alvaro clicks on ingreso al mdulo de registro, Alvaro enters 'Alvaro' into ingreso de nombre, Alvaro enters 'cabezas' into ingreso de apellido, Alvaro enters 'aicabezas12o5974@gmail.com' into ingreso del email, Alvaro clicks on Abrrir seleion del mes, Alvaro clicks on Selecionar el mes, Alvaro clicks on Abrrir seleion del dia, Alvaro clicks on Selecionar el dia, Alvaro clicks on Abrrir seleion del aÃ±o, Alvaro clicks on Selecionar el aÃ±o, Alvaro enters 'spanish' into Ingresar idioma, Alvaro clicks on Ingresar idioma, Alvaro clicks on ingreso a la segunda parte del regsitro, Alvaro enters 'Bogotá' into Ingresar la ciudad, Alvaro types 'ARROW_DOWN' in Ingresar la ciudad, Alvaro clicks on Ingresar el pais, Alvaro enters 'Colombia' into Ingresar el pais, Alvaro enters '111121' into Ingresar el codgo postal, Alvaro clicks on ingreso a la tercera parte del regsitro, Alvaro clicks on Ingresar el computador, Alvaro enters 'Windows' into Ingresar el nombre del sistema operativo]]
[Test worker] WARN net.thucydides.core.steps.BaseStepListener - stepStarted: net.thucydides.core.steps.ExecutedStepDescription@782495cb
[Test worker] WARN net.thucydides.core.steps.BaseStepListener - stepFinished: current outcome:registration in the system:Given that Alvaro wants to enter the user registration url [Alvaro open up [Alvaro opens the Utest page]], When enter all the appropriate data for user registration on the Utest platform [Alvaro register user [Alvaro clicks on ingreso al mdulo de registro, Alvaro enters 'Alvaro' into ingreso de nombre, Alvaro enters 'cabezas' into ingreso de apellido, Alvaro enters 'aicabezas12o5974@gmail.com' into ingreso del email, Alvaro clicks on Abrrir seleion del mes, Alvaro clicks on Selecionar el mes, Alvaro clicks on Abrrir seleion del dia, Alvaro clicks on Selecionar el dia, Alvaro clicks on Abrrir seleion del aÃ±o, Alvaro clicks on Selecionar el aÃ±o, Alvaro enters 'spanish' into Ingresar idioma, Alvaro clicks on Ingresar idioma, Alvaro clicks on ingreso a la segunda parte del regsitro, Alvaro enters 'Bogotá' into Ingresar la ciudad, Alvaro types 'ARROW_DOWN' in Ingresar la ciudad, Alvaro clicks on Ingresar el pais, Alvaro enters 'Colombia' into Ingresar el pais, Alvaro enters '111121' into Ingresar el codgo postal, Alvaro clicks on ingreso a la tercera parte del regsitro, Alvaro clicks on Ingresar el computador, Alvaro enters 'Windows' into Ingresar el nombre del sistema operativo, Alvaro types 'ENTER' in Ingresar el nombre del sistema operativo]]
[Test worker] WARN net.thucydides.core.steps.BaseStepListener - stepStarted: net.thucydides.core.steps.ExecutedStepDescription@28af4160
[Test worker] WARN net.thucydides.core.steps.BaseStepListener - stepFinished: current outcome:registration in the system:Given that Alvaro wants to enter the user registration url [Alvaro open up [Alvaro opens the Utest page]], When enter all the appropriate data for user registration on the Utest platform [Alvaro register user [Alvaro clicks on ingreso al mdulo de registro, Alvaro enters 'Alvaro' into ingreso de nombre, Alvaro enters 'cabezas' into ingreso de apellido, Alvaro enters 'aicabezas12o5974@gmail.com' into ingreso del email, Alvaro clicks on Abrrir seleion del mes, Alvaro clicks on Selecionar el mes, Alvaro clicks on Abrrir seleion del dia, Alvaro clicks on Selecionar el dia, Alvaro clicks on Abrrir seleion del aÃ±o, Alvaro clicks on Selecionar el aÃ±o, Alvaro enters 'spanish' into Ingresar idioma, Alvaro clicks on Ingresar idioma, Alvaro clicks on ingreso a la segunda parte del regsitro, Alvaro enters 'Bogotá' into Ingresar la ciudad, Alvaro types 'ARROW_DOWN' in Ingresar la ciudad, Alvaro clicks on Ingresar el pais, Alvaro enters 'Colombia' into Ingresar el pais, Alvaro enters '111121' into Ingresar el codgo postal, Alvaro clicks on ingreso a la tercera parte del regsitro, Alvaro clicks on Ingresar el computador, Alvaro enters 'Windows' into Ingresar el nombre del sistema operativo, Alvaro types 'ENTER' in Ingresar el nombre del sistema operativo, Alvaro clicks on Ingresar la version del comptador]]
[Test worker] WARN net.thucydides.core.steps.BaseStepListener - stepStarted: net.thucydides.core.steps.ExecutedStepDescription@2002bdf1
[Test worker] WARN net.thucydides.core.steps.BaseStepListener - stepFinished: current outcome:registration in the system:Given that Alvaro wants to enter the user registration url [Alvaro open up [Alvaro opens the Utest page]], When enter all the appropriate data for user registration on the Utest platform [Alvaro register user [Alvaro clicks on ingreso al mdulo de registro, Alvaro enters 'Alvaro' into ingreso de nombre, Alvaro enters 'cabezas' into ingreso de apellido, Alvaro enters 'aicabezas12o5974@gmail.com' into ingreso del email, Alvaro clicks on Abrrir seleion del mes, Alvaro clicks on Selecionar el mes, Alvaro clicks on Abrrir seleion del dia, Alvaro clicks on Selecionar el dia, Alvaro clicks on Abrrir seleion del aÃ±o, Alvaro clicks on Selecionar el aÃ±o, Alvaro enters 'spanish' into Ingresar idioma, Alvaro clicks on Ingresar idioma, Alvaro clicks on ingreso a la segunda parte del regsitro, Alvaro enters 'Bogotá' into Ingresar la ciudad, Alvaro types 'ARROW_DOWN' in Ingresar la ciudad, Alvaro clicks on Ingresar el pais, Alvaro enters 'Colombia' into Ingresar el pais, Alvaro enters '111121' into Ingresar el codgo postal, Alvaro clicks on ingreso a la tercera parte del regsitro, Alvaro clicks on Ingresar el computador, Alvaro enters 'Windows' into Ingresar el nombre del sistema operativo, Alvaro types 'ENTER' in Ingresar el nombre del sistema operativo, Alvaro clicks on Ingresar la version del comptador, Alvaro enters 'Windows 10' into Ingresar el nombre del sistema operativo]]
[Test worker] WARN net.thucydides.core.steps.BaseStepListener - stepStarted: net.thucydides.core.steps.ExecutedStepDescription@5a6f25a7
[Test worker] WARN net.thucydides.core.steps.BaseStepListener - stepFinished: current outcome:registration in the system:Given that Alvaro wants to enter the user registration url [Alvaro open up [Alvaro opens the Utest page]], When enter all the appropriate data for user registration on the Utest platform [Alvaro register user [Alvaro clicks on ingreso al mdulo de registro, Alvaro enters 'Alvaro' into ingreso de nombre, Alvaro enters 'cabezas' into ingreso de apellido, Alvaro enters 'aicabezas12o5974@gmail.com' into ingreso del email, Alvaro clicks on Abrrir seleion del mes, Alvaro clicks on Selecionar el mes, Alvaro clicks on Abrrir seleion del dia, Alvaro clicks on Selecionar el dia, Alvaro clicks on Abrrir seleion del aÃ±o, Alvaro clicks on Selecionar el aÃ±o, Alvaro enters 'spanish' into Ingresar idioma, Alvaro clicks on Ingresar idioma, Alvaro clicks on ingreso a la segunda parte del regsitro, Alvaro enters 'Bogotá' into Ingresar la ciudad, Alvaro types 'ARROW_DOWN' in Ingresar la ciudad, Alvaro clicks on Ingresar el pais, Alvaro enters 'Colombia' into Ingresar el pais, Alvaro enters '111121' into Ingresar el codgo postal, Alvaro clicks on ingreso a la tercera parte del regsitro, Alvaro clicks on Ingresar el computador, Alvaro enters 'Windows' into Ingresar el nombre del sistema operativo, Alvaro types 'ENTER' in Ingresar el nombre del sistema operativo, Alvaro clicks on Ingresar la version del comptador, Alvaro enters 'Windows 10' into Ingresar el nombre del sistema operativo, Alvaro types 'ENTER' in Ingresar el nombre del sistema operativo]]
[Test worker] WARN net.thucydides.core.steps.BaseStepListener - stepStarted: net.thucydides.core.steps.ExecutedStepDescription@365883d7
[Test worker] WARN net.thucydides.core.steps.BaseStepListener - stepFinished: current outcome:registration in the system:Given that Alvaro wants to enter the user registration url [Alvaro open up [Alvaro opens the Utest page]], When enter all the appropriate data for user registration on the Utest platform [Alvaro register user [Alvaro clicks on ingreso al mdulo de registro, Alvaro enters 'Alvaro' into ingreso de nombre, Alvaro enters 'cabezas' into ingreso de apellido, Alvaro enters 'aicabezas12o5974@gmail.com' into ingreso del email, Alvaro clicks on Abrrir seleion del mes, Alvaro clicks on Selecionar el mes, Alvaro clicks on Abrrir seleion del dia, Alvaro clicks on Selecionar el dia, Alvaro clicks on Abrrir seleion del aÃ±o, Alvaro clicks on Selecionar el aÃ±o, Alvaro enters 'spanish' into Ingresar idioma, Alvaro clicks on Ingresar idioma, Alvaro clicks on ingreso a la segunda parte del regsitro, Alvaro enters 'Bogotá' into Ingresar la ciudad, Alvaro types 'ARROW_DOWN' in Ingresar la ciudad, Alvaro clicks on Ingresar el pais, Alvaro enters 'Colombia' into Ingresar el pais, Alvaro enters '111121' into Ingresar el codgo postal, Alvaro clicks on ingreso a la tercera parte del regsitro, Alvaro clicks on Ingresar el computador, Alvaro enters 'Windows' into Ingresar el nombre del sistema operativo, Alvaro types 'ENTER' in Ingresar el nombre del sistema operativo, Alvaro clicks on Ingresar la version del comptador, Alvaro enters 'Windows 10' into Ingresar el nombre del sistema operativo, Alvaro types 'ENTER' in Ingresar el nombre del sistema operativo, Alvaro clicks on Ingresar el lenguaje del computador]]
[Test worker] WARN net.thucydides.core.steps.BaseStepListener - stepStarted: net.thucydides.core.steps.ExecutedStepDescription@700f4b92
[Test worker] WARN net.thucydides.core.steps.BaseStepListener - stepFinished: current outcome:registration in the system:Given that Alvaro wants to enter the user registration url [Alvaro open up [Alvaro opens the Utest page]], When enter all the appropriate data for user registration on the Utest platform [Alvaro register user [Alvaro clicks on ingreso al mdulo de registro, Alvaro enters 'Alvaro' into ingreso de nombre, Alvaro enters 'cabezas' into ingreso de apellido, Alvaro enters 'aicabezas12o5974@gmail.com' into ingreso del email, Alvaro clicks on Abrrir seleion del mes, Alvaro clicks on Selecionar el mes, Alvaro clicks on Abrrir seleion del dia, Alvaro clicks on Selecionar el dia, Alvaro clicks on Abrrir seleion del aÃ±o, Alvaro clicks on Selecionar el aÃ±o, Alvaro enters 'spanish' into Ingresar idioma, Alvaro clicks on Ingresar idioma, Alvaro clicks on ingreso a la segunda parte del regsitro, Alvaro enters 'Bogotá' into Ingresar la ciudad, Alvaro types 'ARROW_DOWN' in Ingresar la ciudad, Alvaro clicks on Ingresar el pais, Alvaro enters 'Colombia' into Ingresar el pais, Alvaro enters '111121' into Ingresar el codgo postal, Alvaro clicks on ingreso a la tercera parte del regsitro, Alvaro clicks on Ingresar el computador, Alvaro enters 'Windows' into Ingresar el nombre del sistema operativo, Alvaro types 'ENTER' in Ingresar el nombre del sistema operativo, Alvaro clicks on Ingresar la version del comptador, Alvaro enters 'Windows 10' into Ingresar el nombre del sistema operativo, Alvaro types 'ENTER' in Ingresar el nombre del sistema operativo, Alvaro clicks on Ingresar el lenguaje del computador, Alvaro enters 'Spanish' into Ingresar el nombre del lenguaje del computador]]
[Test worker] WARN net.thucydides.core.steps.BaseStepListener - stepStarted: net.thucydides.core.steps.ExecutedStepDescription@49b9124d
[Test worker] WARN net.thucydides.core.steps.BaseStepListener - stepFinished: current outcome:registration in the system:Given that Alvaro wants to enter the user registration url [Alvaro open up [Alvaro opens the Utest page]], When enter all the appropriate data for user registration on the Utest platform [Alvaro register user [Alvaro clicks on ingreso al mdulo de registro, Alvaro enters 'Alvaro' into ingreso de nombre, Alvaro enters 'cabezas' into ingreso de apellido, Alvaro enters 'aicabezas12o5974@gmail.com' into ingreso del email, Alvaro clicks on Abrrir seleion del mes, Alvaro clicks on Selecionar el mes, Alvaro clicks on Abrrir seleion del dia, Alvaro clicks on Selecionar el dia, Alvaro clicks on Abrrir seleion del aÃ±o, Alvaro clicks on Selecionar el aÃ±o, Alvaro enters 'spanish' into Ingresar idioma, Alvaro clicks on Ingresar idioma, Alvaro clicks on ingreso a la segunda parte del regsitro, Alvaro enters 'Bogotá' into Ingresar la ciudad, Alvaro types 'ARROW_DOWN' in Ingresar la ciudad, Alvaro clicks on Ingresar el pais, Alvaro enters 'Colombia' into Ingresar el pais, Alvaro enters '111121' into Ingresar el codgo postal, Alvaro clicks on ingreso a la tercera parte del regsitro, Alvaro clicks on Ingresar el computador, Alvaro enters 'Windows' into Ingresar el nombre del sistema operativo, Alvaro types 'ENTER' in Ingresar el nombre del sistema operativo, Alvaro clicks on Ingresar la version del comptador, Alvaro enters 'Windows 10' into Ingresar el nombre del sistema operativo, Alvaro types 'ENTER' in Ingresar el nombre del sistema operativo, Alvaro clicks on Ingresar el lenguaje del computador, Alvaro enters 'Spanish' into Ingresar el nombre del lenguaje del computador, Alvaro types 'ENTER' in Ingresar el nombre del lenguaje del computador]]
[Test worker] WARN net.thucydides.core.steps.BaseStepListener - stepStarted: net.thucydides.core.steps.ExecutedStepDescription@6ae12251
[Test worker] WARN net.thucydides.core.steps.BaseStepListener - stepFinished: current outcome:registration in the system:Given that Alvaro wants to enter the user registration url [Alvaro open up [Alvaro opens the Utest page]], When enter all the appropriate data for user registration on the Utest platform [Alvaro register user [Alvaro clicks on ingreso al mdulo de registro, Alvaro enters 'Alvaro' into ingreso de nombre, Alvaro enters 'cabezas' into ingreso de apellido, Alvaro enters 'aicabezas12o5974@gmail.com' into ingreso del email, Alvaro clicks on Abrrir seleion del mes, Alvaro clicks on Selecionar el mes, Alvaro clicks on Abrrir seleion del dia, Alvaro clicks on Selecionar el dia, Alvaro clicks on Abrrir seleion del aÃ±o, Alvaro clicks on Selecionar el aÃ±o, Alvaro enters 'spanish' into Ingresar idioma, Alvaro clicks on Ingresar idioma, Alvaro clicks on ingreso a la segunda parte del regsitro, Alvaro enters 'Bogotá' into Ingresar la ciudad, Alvaro types 'ARROW_DOWN' in Ingresar la ciudad, Alvaro clicks on Ingresar el pais, Alvaro enters 'Colombia' into Ingresar el pais, Alvaro enters '111121' into Ingresar el codgo postal, Alvaro clicks on ingreso a la tercera parte del regsitro, Alvaro clicks on Ingresar el computador, Alvaro enters 'Windows' into Ingresar el nombre del sistema operativo, Alvaro types 'ENTER' in Ingresar el nombre del sistema operativo, Alvaro clicks on Ingresar la version del comptador, Alvaro enters 'Windows 10' into Ingresar el nombre del sistema operativo, Alvaro types 'ENTER' in Ingresar el nombre del sistema operativo, Alvaro clicks on Ingresar el lenguaje del computador, Alvaro enters 'Spanish' into Ingresar el nombre del lenguaje del computador, Alvaro types 'ENTER' in Ingresar el nombre del lenguaje del computador, Alvaro clicks on ingreso a la cuarta parte del regsitro]]
[Test worker] WARN net.thucydides.core.steps.BaseStepListener - stepStarted: net.thucydides.core.steps.ExecutedStepDescription@34b83b9
[Test worker] WARN net.thucydides.core.steps.BaseStepListener - stepFinished: current outcome:registration in the system:Given that Alvaro wants to enter the user registration url [Alvaro open up [Alvaro opens the Utest page]], When enter all the appropriate data for user registration on the Utest platform [Alvaro register user [Alvaro clicks on ingreso al mdulo de registro, Alvaro enters 'Alvaro' into ingreso de nombre, Alvaro enters 'cabezas' into ingreso de apellido, Alvaro enters 'aicabezas12o5974@gmail.com' into ingreso del email, Alvaro clicks on Abrrir seleion del mes, Alvaro clicks on Selecionar el mes, Alvaro clicks on Abrrir seleion del dia, Alvaro clicks on Selecionar el dia, Alvaro clicks on Abrrir seleion del aÃ±o, Alvaro clicks on Selecionar el aÃ±o, Alvaro enters 'spanish' into Ingresar idioma, Alvaro clicks on Ingresar idioma, Alvaro clicks on ingreso a la segunda parte del regsitro, Alvaro enters 'Bogotá' into Ingresar la ciudad, Alvaro types 'ARROW_DOWN' in Ingresar la ciudad, Alvaro clicks on Ingresar el pais, Alvaro enters 'Colombia' into Ingresar el pais, Alvaro enters '111121' into Ingresar el codgo postal, Alvaro clicks on ingreso a la tercera parte del regsitro, Alvaro clicks on Ingresar el computador, Alvaro enters 'Windows' into Ingresar el nombre del sistema operativo, Alvaro types 'ENTER' in Ingresar el nombre del sistema operativo, Alvaro clicks on Ingresar la version del comptador, Alvaro enters 'Windows 10' into Ingresar el nombre del sistema operativo, Alvaro types 'ENTER' in Ingresar el nombre del sistema operativo, Alvaro clicks on Ingresar el lenguaje del computador, Alvaro enters 'Spanish' into Ingresar el nombre del lenguaje del computador, Alvaro types 'ENTER' in Ingresar el nombre del lenguaje del computador, Alvaro clicks on ingreso a la cuarta parte del regsitro, Alvaro enters 'Alvaro100@@' into ingreso de la contraseÃ±a]]
[Test worker] WARN net.thucydides.core.steps.BaseStepListener - stepStarted: net.thucydides.core.steps.ExecutedStepDescription@615d7bf0
[Test worker] WARN net.thucydides.core.steps.BaseStepListener - stepFinished: current outcome:registration in the system:Given that Alvaro wants to enter the user registration url [Alvaro open up [Alvaro opens the Utest page]], When enter all the appropriate data for user registration on the Utest platform [Alvaro register user [Alvaro clicks on ingreso al mdulo de registro, Alvaro enters 'Alvaro' into ingreso de nombre, Alvaro enters 'cabezas' into ingreso de apellido, Alvaro enters 'aicabezas12o5974@gmail.com' into ingreso del email, Alvaro clicks on Abrrir seleion del mes, Alvaro clicks on Selecionar el mes, Alvaro clicks on Abrrir seleion del dia, Alvaro clicks on Selecionar el dia, Alvaro clicks on Abrrir seleion del aÃ±o, Alvaro clicks on Selecionar el aÃ±o, Alvaro enters 'spanish' into Ingresar idioma, Alvaro clicks on Ingresar idioma, Alvaro clicks on ingreso a la segunda parte del regsitro, Alvaro enters 'Bogotá' into Ingresar la ciudad, Alvaro types 'ARROW_DOWN' in Ingresar la ciudad, Alvaro clicks on Ingresar el pais, Alvaro enters 'Colombia' into Ingresar el pais, Alvaro enters '111121' into Ingresar el codgo postal, Alvaro clicks on ingreso a la tercera parte del regsitro, Alvaro clicks on Ingresar el computador, Alvaro enters 'Windows' into Ingresar el nombre del sistema operativo, Alvaro types 'ENTER' in Ingresar el nombre del sistema operativo, Alvaro clicks on Ingresar la version del comptador, Alvaro enters 'Windows 10' into Ingresar el nombre del sistema operativo, Alvaro types 'ENTER' in Ingresar el nombre del sistema operativo, Alvaro clicks on Ingresar el lenguaje del computador, Alvaro enters 'Spanish' into Ingresar el nombre del lenguaje del computador, Alvaro types 'ENTER' in Ingresar el nombre del lenguaje del computador, Alvaro clicks on ingreso a la cuarta parte del regsitro, Alvaro enters 'Alvaro100@@' into ingreso de la contraseÃ±a, Alvaro enters 'Alvaro100@@' into ingreso de la confirmacion de contraseÃ±a]]
[Test worker] WARN net.thucydides.core.steps.BaseStepListener - stepStarted: net.thucydides.core.steps.ExecutedStepDescription@6ccdccb1
[Test worker] WARN net.thucydides.core.steps.BaseStepListener - stepFinished: current outcome:registration in the system:Given that Alvaro wants to enter the user registration url [Alvaro open up [Alvaro opens the Utest page]], When enter all the appropriate data for user registration on the Utest platform [Alvaro register user [Alvaro clicks on ingreso al mdulo de registro, Alvaro enters 'Alvaro' into ingreso de nombre, Alvaro enters 'cabezas' into ingreso de apellido, Alvaro enters 'aicabezas12o5974@gmail.com' into ingreso del email, Alvaro clicks on Abrrir seleion del mes, Alvaro clicks on Selecionar el mes, Alvaro clicks on Abrrir seleion del dia, Alvaro clicks on Selecionar el dia, Alvaro clicks on Abrrir seleion del aÃ±o, Alvaro clicks on Selecionar el aÃ±o, Alvaro enters 'spanish' into Ingresar idioma, Alvaro clicks on Ingresar idioma, Alvaro clicks on ingreso a la segunda parte del regsitro, Alvaro enters 'Bogotá' into Ingresar la ciudad, Alvaro types 'ARROW_DOWN' in Ingresar la ciudad, Alvaro clicks on Ingresar el pais, Alvaro enters 'Colombia' into Ingresar el pais, Alvaro enters '111121' into Ingresar el codgo postal, Alvaro clicks on ingreso a la tercera parte del regsitro, Alvaro clicks on Ingresar el computador, Alvaro enters 'Windows' into Ingresar el nombre del sistema operativo, Alvaro types 'ENTER' in Ingresar el nombre del sistema operativo, Alvaro clicks on Ingresar la version del comptador, Alvaro enters 'Windows 10' into Ingresar el nombre del sistema operativo, Alvaro types 'ENTER' in Ingresar el nombre del sistema operativo, Alvaro clicks on Ingresar el lenguaje del computador, Alvaro enters 'Spanish' into Ingresar el nombre del lenguaje del computador, Alvaro types 'ENTER' in Ingresar el nombre del lenguaje del computador, Alvaro clicks on ingreso a la cuarta parte del regsitro, Alvaro enters 'Alvaro100@@' into ingreso de la contraseÃ±a, Alvaro enters 'Alvaro100@@' into ingreso de la confirmacion de contraseÃ±a, Alvaro clicks on selecion del check numero 1]]
[Test worker] WARN net.thucydides.core.steps.BaseStepListener - stepStarted: net.thucydides.core.steps.ExecutedStepDescription@4af35738
[Test worker] WARN net.thucydides.core.steps.BaseStepListener - stepFinished: current outcome:registration in the system:Given that Alvaro wants to enter the user registration url [Alvaro open up [Alvaro opens the Utest page]], When enter all the appropriate data for user registration on the Utest platform [Alvaro register user [Alvaro clicks on ingreso al mdulo de registro, Alvaro enters 'Alvaro' into ingreso de nombre, Alvaro enters 'cabezas' into ingreso de apellido, Alvaro enters 'aicabezas12o5974@gmail.com' into ingreso del email, Alvaro clicks on Abrrir seleion del mes, Alvaro clicks on Selecionar el mes, Alvaro clicks on Abrrir seleion del dia, Alvaro clicks on Selecionar el dia, Alvaro clicks on Abrrir seleion del aÃ±o, Alvaro clicks on Selecionar el aÃ±o, Alvaro enters 'spanish' into Ingresar idioma, Alvaro clicks on Ingresar idioma, Alvaro clicks on ingreso a la segunda parte del regsitro, Alvaro enters 'Bogotá' into Ingresar la ciudad, Alvaro types 'ARROW_DOWN' in Ingresar la ciudad, Alvaro clicks on Ingresar el pais, Alvaro enters 'Colombia' into Ingresar el pais, Alvaro enters '111121' into Ingresar el codgo postal, Alvaro clicks on ingreso a la tercera parte del regsitro, Alvaro clicks on Ingresar el computador, Alvaro enters 'Windows' into Ingresar el nombre del sistema operativo, Alvaro types 'ENTER' in Ingresar el nombre del sistema operativo, Alvaro clicks on Ingresar la version del comptador, Alvaro enters 'Windows 10' into Ingresar el nombre del sistema operativo, Alvaro types 'ENTER' in Ingresar el nombre del sistema operativo, Alvaro clicks on Ingresar el lenguaje del computador, Alvaro enters 'Spanish' into Ingresar el nombre del lenguaje del computador, Alvaro types 'ENTER' in Ingresar el nombre del lenguaje del computador, Alvaro clicks on ingreso a la cuarta parte del regsitro, Alvaro enters 'Alvaro100@@' into ingreso de la contraseÃ±a, Alvaro enters 'Alvaro100@@' into ingreso de la confirmacion de contraseÃ±a, Alvaro clicks on selecion del check numero 1, Alvaro clicks on selecion del check numero 2]]
[Test worker] WARN net.thucydides.core.steps.BaseStepListener - stepStarted: net.thucydides.core.steps.ExecutedStepDescription@71a4f5df
[Test worker] WARN net.thucydides.core.steps.BaseStepListener - stepFinished: current outcome:registration in the system:Given that Alvaro wants to enter the user registration url [Alvaro open up [Alvaro opens the Utest page]], When enter all the appropriate data for user registration on the Utest platform [Alvaro register user [Alvaro clicks on ingreso al mdulo de registro, Alvaro enters 'Alvaro' into ingreso de nombre, Alvaro enters 'cabezas' into ingreso de apellido, Alvaro enters 'aicabezas12o5974@gmail.com' into ingreso del email, Alvaro clicks on Abrrir seleion del mes, Alvaro clicks on Selecionar el mes, Alvaro clicks on Abrrir seleion del dia, Alvaro clicks on Selecionar el dia, Alvaro clicks on Abrrir seleion del aÃ±o, Alvaro clicks on Selecionar el aÃ±o, Alvaro enters 'spanish' into Ingresar idioma, Alvaro clicks on Ingresar idioma, Alvaro clicks on ingreso a la segunda parte del regsitro, Alvaro enters 'Bogotá' into Ingresar la ciudad, Alvaro types 'ARROW_DOWN' in Ingresar la ciudad, Alvaro clicks on Ingresar el pais, Alvaro enters 'Colombia' into Ingresar el pais, Alvaro enters '111121' into Ingresar el codgo postal, Alvaro clicks on ingreso a la tercera parte del regsitro, Alvaro clicks on Ingresar el computador, Alvaro enters 'Windows' into Ingresar el nombre del sistema operativo, Alvaro types 'ENTER' in Ingresar el nombre del sistema operativo, Alvaro clicks on Ingresar la version del comptador, Alvaro enters 'Windows 10' into Ingresar el nombre del sistema operativo, Alvaro types 'ENTER' in Ingresar el nombre del sistema operativo, Alvaro clicks on Ingresar el lenguaje del computador, Alvaro enters 'Spanish' into Ingresar el nombre del lenguaje del computador, Alvaro types 'ENTER' in Ingresar el nombre del lenguaje del computador, Alvaro clicks on ingreso a la cuarta parte del regsitro, Alvaro enters 'Alvaro100@@' into ingreso de la contraseÃ±a, Alvaro enters 'Alvaro100@@' into ingreso de la confirmacion de contraseÃ±a, Alvaro clicks on selecion del check numero 1, Alvaro clicks on selecion del check numero 2, Alvaro clicks on selecion del check numero 3]]
[Test worker] WARN net.thucydides.core.steps.BaseStepListener - stepStarted: net.thucydides.core.steps.ExecutedStepDescription@5c9218c2
[Test worker] WARN net.thucydides.core.steps.BaseStepListener - stepFinished: current outcome:registration in the system:Given that Alvaro wants to enter the user registration url [Alvaro open up [Alvaro opens the Utest page]], When enter all the appropriate data for user registration on the Utest platform [Alvaro register user [Alvaro clicks on ingreso al mdulo de registro, Alvaro enters 'Alvaro' into ingreso de nombre, Alvaro enters 'cabezas' into ingreso de apellido, Alvaro enters 'aicabezas12o5974@gmail.com' into ingreso del email, Alvaro clicks on Abrrir seleion del mes, Alvaro clicks on Selecionar el mes, Alvaro clicks on Abrrir seleion del dia, Alvaro clicks on Selecionar el dia, Alvaro clicks on Abrrir seleion del aÃ±o, Alvaro clicks on Selecionar el aÃ±o, Alvaro enters 'spanish' into Ingresar idioma, Alvaro clicks on Ingresar idioma, Alvaro clicks on ingreso a la segunda parte del regsitro, Alvaro enters 'Bogotá' into Ingresar la ciudad, Alvaro types 'ARROW_DOWN' in Ingresar la ciudad, Alvaro clicks on Ingresar el pais, Alvaro enters 'Colombia' into Ingresar el pais, Alvaro enters '111121' into Ingresar el codgo postal, Alvaro clicks on ingreso a la tercera parte del regsitro, Alvaro clicks on Ingresar el computador, Alvaro enters 'Windows' into Ingresar el nombre del sistema operativo, Alvaro types 'ENTER' in Ingresar el nombre del sistema operativo, Alvaro clicks on Ingresar la version del comptador, Alvaro enters 'Windows 10' into Ingresar el nombre del sistema operativo, Alvaro types 'ENTER' in Ingresar el nombre del sistema operativo, Alvaro clicks on Ingresar el lenguaje del computador, Alvaro enters 'Spanish' into Ingresar el nombre del lenguaje del computador, Alvaro types 'ENTER' in Ingresar el nombre del lenguaje del computador, Alvaro clicks on ingreso a la cuarta parte del regsitro, Alvaro enters 'Alvaro100@@' into ingreso de la contraseÃ±a, Alvaro enters 'Alvaro100@@' into ingreso de la confirmacion de contraseÃ±a, Alvaro clicks on selecion del check numero 1, Alvaro clicks on selecion del check numero 2, Alvaro clicks on selecion del check numero 3, Alvaro clicks on boton para ingresar el usuario]]
[Test worker] WARN net.thucydides.core.steps.BaseStepListener - stepFinished: current outcome:registration in the system:Given that Alvaro wants to enter the user registration url [Alvaro open up [Alvaro opens the Utest page]], When enter all the appropriate data for user registration on the Utest platform [Alvaro register user [Alvaro clicks on ingreso al mdulo de registro, Alvaro enters 'Alvaro' into ingreso de nombre, Alvaro enters 'cabezas' into ingreso de apellido, Alvaro enters 'aicabezas12o5974@gmail.com' into ingreso del email, Alvaro clicks on Abrrir seleion del mes, Alvaro clicks on Selecionar el mes, Alvaro clicks on Abrrir seleion del dia, Alvaro clicks on Selecionar el dia, Alvaro clicks on Abrrir seleion del aÃ±o, Alvaro clicks on Selecionar el aÃ±o, Alvaro enters 'spanish' into Ingresar idioma, Alvaro clicks on Ingresar idioma, Alvaro clicks on ingreso a la segunda parte del regsitro, Alvaro enters 'Bogotá' into Ingresar la ciudad, Alvaro types 'ARROW_DOWN' in Ingresar la ciudad, Alvaro clicks on Ingresar el pais, Alvaro enters 'Colombia' into Ingresar el pais, Alvaro enters '111121' into Ingresar el codgo postal, Alvaro clicks on ingreso a la tercera parte del regsitro, Alvaro clicks on Ingresar el computador, Alvaro enters 'Windows' into Ingresar el nombre del sistema operativo, Alvaro types 'ENTER' in Ingresar el nombre del sistema operativo, Alvaro clicks on Ingresar la version del comptador, Alvaro enters 'Windows 10' into Ingresar el nombre del sistema operativo, Alvaro types 'ENTER' in Ingresar el nombre del sistema operativo, Alvaro clicks on Ingresar el lenguaje del computador, Alvaro enters 'Spanish' into Ingresar el nombre del lenguaje del computador, Alvaro types 'ENTER' in Ingresar el nombre del lenguaje del computador, Alvaro clicks on ingreso a la cuarta parte del regsitro, Alvaro enters 'Alvaro100@@' into ingreso de la contraseÃ±a, Alvaro enters 'Alvaro100@@' into ingreso de la confirmacion de contraseÃ±a, Alvaro clicks on selecion del check numero 1, Alvaro clicks on selecion del check numero 2, Alvaro clicks on selecion del check numero 3, Alvaro clicks on boton para ingresar el usuario]]
[Test worker] WARN net.thucydides.core.steps.BaseStepListener - stepFinished: current outcome:registration in the system:Given that Alvaro wants to enter the user registration url [Alvaro open up [Alvaro opens the Utest page]], When enter all the appropriate data for user registration on the Utest platform [Alvaro register user [Alvaro clicks on ingreso al mdulo de registro, Alvaro enters 'Alvaro' into ingreso de nombre, Alvaro enters 'cabezas' into ingreso de apellido, Alvaro enters 'aicabezas12o5974@gmail.com' into ingreso del email, Alvaro clicks on Abrrir seleion del mes, Alvaro clicks on Selecionar el mes, Alvaro clicks on Abrrir seleion del dia, Alvaro clicks on Selecionar el dia, Alvaro clicks on Abrrir seleion del aÃ±o, Alvaro clicks on Selecionar el aÃ±o, Alvaro enters 'spanish' into Ingresar idioma, Alvaro clicks on Ingresar idioma, Alvaro clicks on ingreso a la segunda parte del regsitro, Alvaro enters 'Bogotá' into Ingresar la ciudad, Alvaro types 'ARROW_DOWN' in Ingresar la ciudad, Alvaro clicks on Ingresar el pais, Alvaro enters 'Colombia' into Ingresar el pais, Alvaro enters '111121' into Ingresar el codgo postal, Alvaro clicks on ingreso a la tercera parte del regsitro, Alvaro clicks on Ingresar el computador, Alvaro enters 'Windows' into Ingresar el nombre del sistema operativo, Alvaro types 'ENTER' in Ingresar el nombre del sistema operativo, Alvaro clicks on Ingresar la version del comptador, Alvaro enters 'Windows 10' into Ingresar el nombre del sistema operativo, Alvaro types 'ENTER' in Ingresar el nombre del sistema operativo, Alvaro clicks on Ingresar el lenguaje del computador, Alvaro enters 'Spanish' into Ingresar el nombre del lenguaje del computador, Alvaro types 'ENTER' in Ingresar el nombre del lenguaje del computador, Alvaro clicks on ingreso a la cuarta parte del regsitro, Alvaro enters 'Alvaro100@@' into ingreso de la contraseÃ±a, Alvaro enters 'Alvaro100@@' into ingreso de la confirmacion de contraseÃ±a, Alvaro clicks on selecion del check numero 1, Alvaro clicks on selecion del check numero 2, Alvaro clicks on selecion del check numero 3, Alvaro clicks on boton para ingresar el usuario]]
[Test worker] WARN net.thucydides.core.steps.BaseStepListener - stepStarted: net.thucydides.core.steps.ExecutedStepDescription@1339ae49
[Test worker] WARN net.thucydides.core.steps.BaseStepListener - stepFinished: current outcome:registration in the system:Given that Alvaro wants to enter the user registration url [Alvaro open up [Alvaro opens the Utest page]], When enter all the appropriate data for user registration on the Utest platform [Alvaro register user [Alvaro clicks on ingreso al mdulo de registro, Alvaro enters 'Alvaro' into ingreso de nombre, Alvaro enters 'cabezas' into ingreso de apellido, Alvaro enters 'aicabezas12o5974@gmail.com' into ingreso del email, Alvaro clicks on Abrrir seleion del mes, Alvaro clicks on Selecionar el mes, Alvaro clicks on Abrrir seleion del dia, Alvaro clicks on Selecionar el dia, Alvaro clicks on Abrrir seleion del aÃ±o, Alvaro clicks on Selecionar el aÃ±o, Alvaro enters 'spanish' into Ingresar idioma, Alvaro clicks on Ingresar idioma, Alvaro clicks on ingreso a la segunda parte del regsitro, Alvaro enters 'Bogotá' into Ingresar la ciudad, Alvaro types 'ARROW_DOWN' in Ingresar la ciudad, Alvaro clicks on Ingresar el pais, Alvaro enters 'Colombia' into Ingresar el pais, Alvaro enters '111121' into Ingresar el codgo postal, Alvaro clicks on ingreso a la tercera parte del regsitro, Alvaro clicks on Ingresar el computador, Alvaro enters 'Windows' into Ingresar el nombre del sistema operativo, Alvaro types 'ENTER' in Ingresar el nombre del sistema operativo, Alvaro clicks on Ingresar la version del comptador, Alvaro enters 'Windows 10' into Ingresar el nombre del sistema operativo, Alvaro types 'ENTER' in Ingresar el nombre del sistema operativo, Alvaro clicks on Ingresar el lenguaje del computador, Alvaro enters 'Spanish' into Ingresar el nombre del lenguaje del computador, Alvaro types 'ENTER' in Ingresar el nombre del lenguaje del computador, Alvaro clicks on ingreso a la cuarta parte del regsitro, Alvaro enters 'Alvaro100@@' into ingreso de la contraseÃ±a, Alvaro enters 'Alvaro100@@' into ingreso de la confirmacion de contraseÃ±a, Alvaro clicks on selecion del check numero 1, Alvaro clicks on selecion del check numero 2, Alvaro clicks on selecion del check numero 3, Alvaro clicks on boton para ingresar el usuario]], Then verify that the registration is complete
[Test worker] WARN net.thucydides.core.steps.BaseStepListener - testFinished: registration in the system:Given that Alvaro wants to enter the user registration url [Alvaro open up [Alvaro opens the Utest page]], When enter all the appropriate data for user registration on the Utest platform [Alvaro register user [Alvaro clicks on ingreso al mdulo de registro, Alvaro enters 'Alvaro' into ingreso de nombre, Alvaro enters 'cabezas' into ingreso de apellido, Alvaro enters 'aicabezas12o5974@gmail.com' into ingreso del email, Alvaro clicks on Abrrir seleion del mes, Alvaro clicks on Selecionar el mes, Alvaro clicks on Abrrir seleion del dia, Alvaro clicks on Selecionar el dia, Alvaro clicks on Abrrir seleion del aÃ±o, Alvaro clicks on Selecionar el aÃ±o, Alvaro enters 'spanish' into Ingresar idioma, Alvaro clicks on Ingresar idioma, Alvaro clicks on ingreso a la segunda parte del regsitro, Alvaro enters 'Bogotá' into Ingresar la ciudad, Alvaro types 'ARROW_DOWN' in Ingresar la ciudad, Alvaro clicks on Ingresar el pais, Alvaro enters 'Colombia' into Ingresar el pais, Alvaro enters '111121' into Ingresar el codgo postal, Alvaro clicks on ingreso a la tercera parte del regsitro, Alvaro clicks on Ingresar el computador, Alvaro enters 'Windows' into Ingresar el nombre del sistema operativo, Alvaro types 'ENTER' in Ingresar el nombre del sistema operativo, Alvaro clicks on Ingresar la version del comptador, Alvaro enters 'Windows 10' into Ingresar el nombre del sistema operativo, Alvaro types 'ENTER' in Ingresar el nombre del sistema operativo, Alvaro clicks on Ingresar el lenguaje del computador, Alvaro enters 'Spanish' into Ingresar el nombre del lenguaje del computador, Alvaro types 'ENTER' in Ingresar el nombre del lenguaje del computador, Alvaro clicks on ingreso a la cuarta parte del regsitro, Alvaro enters 'Alvaro100@@' into ingreso de la contraseÃ±a, Alvaro enters 'Alvaro100@@' into ingreso de la confirmacion de contraseÃ±a, Alvaro clicks on selecion del check numero 1, Alvaro clicks on selecion del check numero 2, Alvaro clicks on selecion del check numero 3, Alvaro clicks on boton para ingresar el usuario]], Then verify that the registration is complete
[Test worker] WARN net.thucydides.core.steps.BaseStepListener - TestOutcomes: [registration in the system:Given that Alvaro wants to enter the user registration url [Alvaro open up [Alvaro opens the Utest page]], When enter all the appropriate data for user registration on the Utest platform [Alvaro register user [Alvaro clicks on ingreso al mdulo de registro, Alvaro enters 'Alvaro' into ingreso de nombre, Alvaro enters 'cabezas' into ingreso de apellido, Alvaro enters 'aicabezas12o5974@gmail.com' into ingreso del email, Alvaro clicks on Abrrir seleion del mes, Alvaro clicks on Selecionar el mes, Alvaro clicks on Abrrir seleion del dia, Alvaro clicks on Selecionar el dia, Alvaro clicks on Abrrir seleion del aÃ±o, Alvaro clicks on Selecionar el aÃ±o, Alvaro enters 'spanish' into Ingresar idioma, Alvaro clicks on Ingresar idioma, Alvaro clicks on ingreso a la segunda parte del regsitro, Alvaro enters 'Bogotá' into Ingresar la ciudad, Alvaro types 'ARROW_DOWN' in Ingresar la ciudad, Alvaro clicks on Ingresar el pais, Alvaro enters 'Colombia' into Ingresar el pais, Alvaro enters '111121' into Ingresar el codgo postal, Alvaro clicks on ingreso a la tercera parte del regsitro, Alvaro clicks on Ingresar el computador, Alvaro enters 'Windows' into Ingresar el nombre del sistema operativo, Alvaro types 'ENTER' in Ingresar el nombre del sistema operativo, Alvaro clicks on Ingresar la version del comptador, Alvaro enters 'Windows 10' into Ingresar el nombre del sistema operativo, Alvaro types 'ENTER' in Ingresar el nombre del sistema operativo, Alvaro clicks on Ingresar el lenguaje del computador, Alvaro enters 'Spanish' into Ingresar el nombre del lenguaje del computador, Alvaro types 'ENTER' in Ingresar el nombre del lenguaje del computador, Alvaro clicks on ingreso a la cuarta parte del regsitro, Alvaro enters 'Alvaro100@@' into ingreso de la contraseÃ±a, Alvaro enters 'Alvaro100@@' into ingreso de la confirmacion de contraseÃ±a, Alvaro clicks on selecion del check numero 1, Alvaro clicks on selecion del check numero 2, Alvaro clicks on selecion del check numero 3, Alvaro clicks on boton para ingresar el usuario]], Then verify that the registration is complete]
[Test worker] WARN net.thucydides.core.steps.BaseStepListener - Final testOutcomes: [registration in the system:Given that Alvaro wants to enter the user registration url [Alvaro open up [Alvaro opens the Utest page]], When enter all the appropriate data for user registration on the Utest platform [Alvaro register user [Alvaro clicks on ingreso al mdulo de registro, Alvaro enters 'Alvaro' into ingreso de nombre, Alvaro enters 'cabezas' into ingreso de apellido, Alvaro enters 'aicabezas12o5974@gmail.com' into ingreso del email, Alvaro clicks on Abrrir seleion del mes, Alvaro clicks on Selecionar el mes, Alvaro clicks on Abrrir seleion del dia, Alvaro clicks on Selecionar el dia, Alvaro clicks on Abrrir seleion del aÃ±o, Alvaro clicks on Selecionar el aÃ±o, Alvaro enters 'spanish' into Ingresar idioma, Alvaro clicks on Ingresar idioma, Alvaro clicks on ingreso a la segunda parte del regsitro, Alvaro enters 'Bogotá' into Ingresar la ciudad, Alvaro types 'ARROW_DOWN' in Ingresar la ciudad, Alvaro clicks on Ingresar el pais, Alvaro enters 'Colombia' into Ingresar el pais, Alvaro enters '111121' into Ingresar el codgo postal, Alvaro clicks on ingreso a la tercera parte del regsitro, Alvaro clicks on Ingresar el computador, Alvaro enters 'Windows' into Ingresar el nombre del sistema operativo, Alvaro types 'ENTER' in Ingresar el nombre del sistema operativo, Alvaro clicks on Ingresar la version del comptador, Alvaro enters 'Windows 10' into Ingresar el nombre del sistema operativo, Alvaro types 'ENTER' in Ingresar el nombre del sistema operativo, Alvaro clicks on Ingresar el lenguaje del computador, Alvaro enters 'Spanish' into Ingresar el nombre del lenguaje del computador, Alvaro types 'ENTER' in Ingresar el nombre del lenguaje del computador, Alvaro clicks on ingreso a la cuarta parte del regsitro, Alvaro enters 'Alvaro100@@' into ingreso de la contraseÃ±a, Alvaro enters 'Alvaro100@@' into ingreso de la confirmacion de contraseÃ±a, Alvaro clicks on selecion del check numero 1, Alvaro clicks on selecion del check numero 2, Alvaro clicks on selecion del check numero 3, Alvaro clicks on boton para ingresar el usuario]], Then verify that the registration is complete]
[Test worker] INFO net.thucydides.core.steps.ConsoleLoggingListener - 
        __    _____ _____ ____ _____   ____   _    ____  ____  _____ ____  
  _     \ \  |_   _| ____/ ___|_   _| |  _ \ / \  / ___|/ ___|| ____|  _ \ 
 (_)_____| |   | | |  _| \___ \ | |   | |_) / _ \ \___ \\___ \|  _| | | | |
  _|_____| |   | | | |___ ___) || |   |  __/ ___ \ ___) |___) | |___| |_| |
 (_)     | |   |_| |_____|____/ |_|   |_| /_/   \_\____/|____/|_____|____/ 
        /_/                                                                

TEST PASSED: registration in the system
----------------------------------------------------------------------------
]]></system-err>
</testsuite>
